Entered start.sh with args: python docs/generate_codes.py
Running hooks in: /usr/local/bin/start-notebook.d as uid: 1000 gid: 100
Done running hooks in: /usr/local/bin/start-notebook.d
Running hooks in: /usr/local/bin/before-notebook.d as uid: 1000 gid: 100
Sourcing shell script: /usr/local/bin/before-notebook.d/10activate-conda-env.sh
Done running hooks in: /usr/local/bin/before-notebook.d
Executing the command: python docs/generate_codes.py
================
eatoelesy0
sqvfxlspkt
17y8qsz3gk
t9t0meq4ic
vf428m51d2
56v63riz9d
0xvs589tzd
lhzsrq6uir
ppz25fo0b4
hisxs2hjwp
ati8b6utxj
iywfy9bv0w
8p1dbf2trm
ud0x9nb1bi
dh51v20a8m
93ezcg1ewd
i296jvkis3
hpfqsel8af
aw0f4yji7m
a1hq0r028j
iuyma42udf
6z99z9axiz
57zwhil9w3
xfi14ezbhu
dx9hihpgey
pyyu1uo5ux
fvddwdg19j
i0hz3mr5o5
40h20mpz68
4z5kbjmw10
ej1a70aod0
gidb2isxqi
cto8ncnr75
onb1wnyx1p
ok30t21m2k
arh7x37bjr
w3vt43gzo9
px4ygmkbyg
y9o8qwvb5e
3bvunwgo3n
zip4dc95xq
wb4g38hqfq
goactcsf9l
reh6nm6tn2
rhzj1ndmdk
vao8zfxowi
wiaf0yt6ho
5fe1rx100e
vcuv62hych
pu005jv4l1
99zm0c6x0x
kxrck3rz3s
zw0yqq4k4l
qfg9if2fn0
1dt53cg3cm
icbob55n4x
nzp8m4d02w
w92plgo58p
umf1ye82e5
27dtrvax0z
v015hksnpm
eck5krly52
glh6mrhijv
4zu3le40js
uz15aesn8v
4u1imwt600
71ylhycey9
umbmgb852u
ax7fh0naux
xg147oav67
qu35w0l1pu
bbudvzzr7x
co1e2385tq
wrrh6y4r2v
2oxmfc5r5m
2dd9djc4jw
ujfksjuo12
jxm6uu01cx
qdhr19bpos
kvpsisnelt
9fccg2sn1k
wey6n2auca
a24ancfu7h
v1sfkeivc5
0wh8cr3bqq
pj83gfl9yo
uckltlqfvj
4d1mwoh5i7
ym2l2gukgl
j8xnzx7ehs
p60pcnsvy4
ab5acs21ot
reogsbftp3
udxrk5w5y8
cf51a31tea
wkhdeo9wjs
88tb6jlvxg
z9gwg6dc1s
fzfn4xxisn
xchtmg8gmw
zbhmxodpzj
v0w82gn1jz
dcfzy4554u
uebk0tyqnf
4t0363qn1q
kyn7ysbnia
mvmkzwu92b
q39ed9jvyc
je1eein1ae
21o03ucx4k
bhmshpq9u9
v7bncqm3ru
f8a4cgnt90
vtn0g2mv67
d59v1s5kcm
i3dct6xw4q
dzb179xcch
kqp42lecn4
slxeo0opbu
jsh08tij8o
0psr2f33ej
6l63ytda7v
z0737yjehi
8n5l2yt6cw
avdth7jw0g
rdokuogrjs
nxq6yh34j5
29yuulfmuj
58fr7li6s4
qfuy5ktg9k
whlbmnrwwp
smlfhwbews
wpwc78nghg
hqbbul6kff
zipclx396q
90f1yf3a4m
3i40v8eab4
96qoqwp4bl
76mkn14ez6
h0ztqzjhgv
7x1ccmrlfu
6ulrm64n8n
ds5srwhnc7
coclcb8hyo
iqy2xtehlk
fao2tsoscy
o5ajgfjfs0
ti0xf3jj9q
5ukdowbtkm
mypxwq61kg
u6ln5hqmvr
1ctxzvrgvl
v9284koczz
3v3u3vaw65
m3ktetar1h
1qljyqi3fc
gzdr4zfy81
oiy75xqrix
1nwvatmao5
911et3lm7a
gj0vstk3zg
lm4lalmtl7
l5m610cn6a
s3dsz0cmmk
8lp5vne119
xyuspmk7p9
8nt4nkowj2
dpqz3qnut3
k3h5qv5hjc
7o0pvtdm62
o4ntsd4ge1
wonnpnwa1h
r35yo1m8kq
4h0pikrnhq
vi02awf0uk
ervmo1w9ch
l0o6qr9dwj
2vnbum990k
w06uuvog3a
706f3uagmp
s2xmk6fh23
j9ifpd90df
xcs5qjl3su
4te36tcae8
3zdr9uimsc
16c1ob5000
xvfky6vzim
zbr7qxahii
mizwnvaeuc
05lzwsydmv
vw3lun0iz1
kd9jv3g5o3
e3ai90y5y1
bj3g2jstt4
3280lg6h8e
exjwt2kx96
nkgohmgenh
bccth2umtr
h1vgj9wi81
hoe8y36fr8
c2whhiqm0y
bonqag83p2
ksia7um4zs
rr5uhhwxy5
01w2ntsrbi
3tjs5mq42c
0odstnm690
x74pu39rpb
tw20nxorab
rj2libniwv
a6cjo8wl2v
zjut6vqiyi
4hzc83a2ff
9u52nhmrvi
wl3qkk8xes
534tq5hpng
r59u7kfaws
kk9v4b4ept
03i8v8vb7f
k2raq2dv1w
bqu3f8ib2z
kio8py7rab
4kyt4wbked
xtqdt17uk5
gc5yn3gpdb
0m23l3vbcl
fiswv6e80e
4ai6cfhh1u
gj54wnct29
6ltdkbyyz7
glww3ybwd2
tiel1e1uaf
4nowzzbvcd
4y8fh46meo
mnjue86k7c
2rkofc7w6e
w3sehwtanq
gkfpqhv4ih
9emaxyamm9
t1chjwhp4v
74d2f8geiw
7smv8u0n14
ukfagxzwha
wqzk243oyu
5gy1zg8fkg
gjvns1rd53
pb3k0pv009
k4jh2tzet4
xsrzwam04u
i8c4195qot
oaxwk7g6jr
matkaquqpo
42x14v4hj9
q7fql663f6
5axd978mip
gujk1hh3vj
ridvbhe6zo
ol82kxh0c7
041dscfcxz
6hhfebyllb
qyj7p2nxr5
3qa3trumed
ivm1hd8tn7
9lb02eshnm
5zb0vyag12
9jex25ztto
rlva7dhyf6
smfot8l8lm
h6ho5equ61
czc1qp2b1a
5s1ys0pxtp
8au3bx7m2t
lly5qamekp
cwgsto0chv
1m4sf57u62
him6qenf8x
o5jbpzf4bh
2fsly56sy4
gumh0we15x
b9c4hw987x
r6r1wu4o9k
961sqrtv55
3tmb681xou
n35hwekeiu
kuoaqe8dc4
cewdyh8wxc
su4fw0ggap
1ispvxk97c
44m8uow2fj
mher1h4slp
2tq0zuq7ww
zpf4u9whf9
19kpihjaku
yhrxqztr3h
qg0ec287f2
9bodu43rgo
ay928y1jat
yrjnpjt8yk
nps5yi50lh
bpxy8setyq
nrkxkc7xi2
vlyrbg70fe
a8u5o25c0m
konubwr0ui
brnsttft2u
b876ccy9nl
knjeh5j0aq
1iynpapchg
u8x9rize11
6oxe0a8fbc
edli2kmxbi
bu79jtd2fr
jhhizn7tpq
enu2pgi06k
osyts0xl88
qdlaym9a1q
qy2x3wwumc
vi61rei6b7
nmpjro2uk3
g5nzaobh86
================
INSERT INTO digit_span_b_codes (code) VALUES
('eatoelesy0'),
('sqvfxlspkt'),
('17y8qsz3gk'),
('t9t0meq4ic'),
('vf428m51d2'),
('56v63riz9d'),
('0xvs589tzd'),
('lhzsrq6uir'),
('ppz25fo0b4'),
('hisxs2hjwp'),
('ati8b6utxj'),
('iywfy9bv0w'),
('8p1dbf2trm'),
('ud0x9nb1bi'),
('dh51v20a8m'),
('93ezcg1ewd'),
('i296jvkis3'),
('hpfqsel8af'),
('aw0f4yji7m'),
('a1hq0r028j'),
('iuyma42udf'),
('6z99z9axiz'),
('57zwhil9w3'),
('xfi14ezbhu'),
('dx9hihpgey'),
('pyyu1uo5ux'),
('fvddwdg19j'),
('i0hz3mr5o5'),
('40h20mpz68'),
('4z5kbjmw10'),
('ej1a70aod0'),
('gidb2isxqi'),
('cto8ncnr75'),
('onb1wnyx1p'),
('ok30t21m2k'),
('arh7x37bjr'),
('w3vt43gzo9'),
('px4ygmkbyg'),
('y9o8qwvb5e'),
('3bvunwgo3n'),
('zip4dc95xq'),
('wb4g38hqfq'),
('goactcsf9l'),
('reh6nm6tn2'),
('rhzj1ndmdk'),
('vao8zfxowi'),
('wiaf0yt6ho'),
('5fe1rx100e'),
('vcuv62hych'),
('pu005jv4l1'),
('99zm0c6x0x'),
('kxrck3rz3s'),
('zw0yqq4k4l'),
('qfg9if2fn0'),
('1dt53cg3cm'),
('icbob55n4x'),
('nzp8m4d02w'),
('w92plgo58p'),
('umf1ye82e5'),
('27dtrvax0z'),
('v015hksnpm'),
('eck5krly52'),
('glh6mrhijv'),
('4zu3le40js'),
('uz15aesn8v'),
('4u1imwt600'),
('71ylhycey9'),
('umbmgb852u'),
('ax7fh0naux'),
('xg147oav67'),
('qu35w0l1pu'),
('bbudvzzr7x'),
('co1e2385tq'),
('wrrh6y4r2v'),
('2oxmfc5r5m'),
('2dd9djc4jw'),
('ujfksjuo12'),
('jxm6uu01cx'),
('qdhr19bpos'),
('kvpsisnelt'),
('9fccg2sn1k'),
('wey6n2auca'),
('a24ancfu7h'),
('v1sfkeivc5'),
('0wh8cr3bqq'),
('pj83gfl9yo'),
('uckltlqfvj'),
('4d1mwoh5i7'),
('ym2l2gukgl'),
('j8xnzx7ehs'),
('p60pcnsvy4'),
('ab5acs21ot'),
('reogsbftp3'),
('udxrk5w5y8'),
('cf51a31tea'),
('wkhdeo9wjs'),
('88tb6jlvxg'),
('z9gwg6dc1s'),
('fzfn4xxisn'),
('xchtmg8gmw'),
('zbhmxodpzj'),
('v0w82gn1jz'),
('dcfzy4554u'),
('uebk0tyqnf'),
('4t0363qn1q'),
('kyn7ysbnia'),
('mvmkzwu92b'),
('q39ed9jvyc'),
('je1eein1ae'),
('21o03ucx4k'),
('bhmshpq9u9'),
('v7bncqm3ru'),
('f8a4cgnt90'),
('vtn0g2mv67'),
('d59v1s5kcm'),
('i3dct6xw4q'),
('dzb179xcch'),
('kqp42lecn4'),
('slxeo0opbu'),
('jsh08tij8o'),
('0psr2f33ej'),
('6l63ytda7v'),
('z0737yjehi'),
('8n5l2yt6cw'),
('avdth7jw0g'),
('rdokuogrjs'),
('nxq6yh34j5'),
('29yuulfmuj'),
('58fr7li6s4'),
('qfuy5ktg9k'),
('whlbmnrwwp'),
('smlfhwbews'),
('wpwc78nghg'),
('hqbbul6kff'),
('zipclx396q'),
('90f1yf3a4m'),
('3i40v8eab4'),
('96qoqwp4bl'),
('76mkn14ez6'),
('h0ztqzjhgv'),
('7x1ccmrlfu'),
('6ulrm64n8n'),
('ds5srwhnc7'),
('coclcb8hyo'),
('iqy2xtehlk'),
('fao2tsoscy'),
('o5ajgfjfs0'),
('ti0xf3jj9q'),
('5ukdowbtkm'),
('mypxwq61kg'),
('u6ln5hqmvr'),
('1ctxzvrgvl'),
('v9284koczz'),
('3v3u3vaw65'),
('m3ktetar1h'),
('1qljyqi3fc'),
('gzdr4zfy81'),
('oiy75xqrix'),
('1nwvatmao5'),
('911et3lm7a'),
('gj0vstk3zg'),
('lm4lalmtl7'),
('l5m610cn6a'),
('s3dsz0cmmk'),
('8lp5vne119'),
('xyuspmk7p9'),
('8nt4nkowj2'),
('dpqz3qnut3'),
('k3h5qv5hjc'),
('7o0pvtdm62'),
('o4ntsd4ge1'),
('wonnpnwa1h'),
('r35yo1m8kq'),
('4h0pikrnhq'),
('vi02awf0uk'),
('ervmo1w9ch'),
('l0o6qr9dwj'),
('2vnbum990k'),
('w06uuvog3a'),
('706f3uagmp'),
('s2xmk6fh23'),
('j9ifpd90df'),
('xcs5qjl3su'),
('4te36tcae8'),
('3zdr9uimsc'),
('16c1ob5000'),
('xvfky6vzim'),
('zbr7qxahii'),
('mizwnvaeuc'),
('05lzwsydmv'),
('vw3lun0iz1'),
('kd9jv3g5o3'),
('e3ai90y5y1'),
('bj3g2jstt4'),
('3280lg6h8e'),
('exjwt2kx96'),
('nkgohmgenh'),
('bccth2umtr'),
('h1vgj9wi81'),
('hoe8y36fr8'),
('c2whhiqm0y'),
('bonqag83p2'),
('ksia7um4zs'),
('rr5uhhwxy5'),
('01w2ntsrbi'),
('3tjs5mq42c'),
('0odstnm690'),
('x74pu39rpb'),
('tw20nxorab'),
('rj2libniwv'),
('a6cjo8wl2v'),
('zjut6vqiyi'),
('4hzc83a2ff'),
('9u52nhmrvi'),
('wl3qkk8xes'),
('534tq5hpng'),
('r59u7kfaws'),
('kk9v4b4ept'),
('03i8v8vb7f'),
('k2raq2dv1w'),
('bqu3f8ib2z'),
('kio8py7rab'),
('4kyt4wbked'),
('xtqdt17uk5'),
('gc5yn3gpdb'),
('0m23l3vbcl'),
('fiswv6e80e'),
('4ai6cfhh1u'),
('gj54wnct29'),
('6ltdkbyyz7'),
('glww3ybwd2'),
('tiel1e1uaf'),
('4nowzzbvcd'),
('4y8fh46meo'),
('mnjue86k7c'),
('2rkofc7w6e'),
('w3sehwtanq'),
('gkfpqhv4ih'),
('9emaxyamm9'),
('t1chjwhp4v'),
('74d2f8geiw'),
('7smv8u0n14'),
('ukfagxzwha'),
('wqzk243oyu'),
('5gy1zg8fkg'),
('gjvns1rd53'),
('pb3k0pv009'),
('k4jh2tzet4'),
('xsrzwam04u'),
('i8c4195qot'),
('oaxwk7g6jr'),
('matkaquqpo'),
('42x14v4hj9'),
('q7fql663f6'),
('5axd978mip'),
('gujk1hh3vj'),
('ridvbhe6zo'),
('ol82kxh0c7'),
('041dscfcxz'),
('6hhfebyllb'),
('qyj7p2nxr5'),
('3qa3trumed'),
('ivm1hd8tn7'),
('9lb02eshnm'),
('5zb0vyag12'),
('9jex25ztto'),
('rlva7dhyf6'),
('smfot8l8lm'),
('h6ho5equ61'),
('czc1qp2b1a'),
('5s1ys0pxtp'),
('8au3bx7m2t'),
('lly5qamekp'),
('cwgsto0chv'),
('1m4sf57u62'),
('him6qenf8x'),
('o5jbpzf4bh'),
('2fsly56sy4'),
('gumh0we15x'),
('b9c4hw987x'),
('r6r1wu4o9k'),
('961sqrtv55'),
('3tmb681xou'),
('n35hwekeiu'),
('kuoaqe8dc4'),
('cewdyh8wxc'),
('su4fw0ggap'),
('1ispvxk97c'),
('44m8uow2fj'),
('mher1h4slp'),
('2tq0zuq7ww'),
('zpf4u9whf9'),
('19kpihjaku'),
('yhrxqztr3h'),
('qg0ec287f2'),
('9bodu43rgo'),
('ay928y1jat'),
('yrjnpjt8yk'),
('nps5yi50lh'),
('bpxy8setyq'),
('nrkxkc7xi2'),
('vlyrbg70fe'),
('a8u5o25c0m'),
('konubwr0ui'),
('brnsttft2u'),
('b876ccy9nl'),
('knjeh5j0aq'),
('1iynpapchg'),
('u8x9rize11'),
('6oxe0a8fbc'),
('edli2kmxbi'),
('bu79jtd2fr'),
('jhhizn7tpq'),
('enu2pgi06k'),
('osyts0xl88'),
('qdlaym9a1q'),
('qy2x3wwumc'),
('vi61rei6b7'),
('nmpjro2uk3'),
('g5nzaobh86')
;
================
